2026-05-13 10:27:52 | INFO    | ontchatbot                         | [init] logging started log_file=/app/logs/chatbot.log level=INFO
2026-05-13 10:27:52 | INFO    | ontchatbot.scripts.serve           | [startup] FastAPI ready log_file=/app/logs/chatbot.log
2026-05-13 10:27:53 | INFO    | ontchatbot.scripts.serve           | [http] rid=b270b746 GET /healthz
2026-05-13 10:27:53 | INFO    | ontchatbot.scripts.serve           | [http] rid=b270b746 status=200 elapsed=1.2ms
2026-05-13 10:28:04 | INFO    | ontchatbot.scripts.serve           | [http] rid=4fb9cd3c POST /chat
2026-05-13 10:28:05 | INFO    | ontchatbot.ontology                | [Ontology] loaded path=/app/resources/ontology/Ontology_AcademicProcedure_v8.owx tags=5 classes=8 individuals=53
2026-05-13 10:28:05 | INFO    | ontchatbot.pipeline                | [Pipeline.preprocess] text='chào' words(n=1)=['chào']
2026-05-13 10:28:05 | INFO    | ontchatbot.ner_model               | [NerModel] loading ONNX runtime from vpthinh19/phobert-base-v2
2026-05-13 10:28:05 | ERROR   | ontchatbot.scripts.serve           | [http] rid=4fb9cd3c unhandled exception
Traceback (most recent call last):
  File "/app/.venv/lib/python3.14/site-packages/transformers/utils/hub.py", line 422, in cached_files
    hf_hub_download(
    ~~~~~~~~~~~~~~~^
        path_or_repo_id,
        ^^^^^^^^^^^^^^^^
    ...<10 lines>...
        tqdm_class=tqdm_class,
        ^^^^^^^^^^^^^^^^^^^^^^
    )
    ^
  File "/app/.venv/lib/python3.14/site-packages/huggingface_hub/utils/_validators.py", line 88, in _inner_fn
    return fn(*args, **kwargs)
  File "/app/.venv/lib/python3.14/site-packages/huggingface_hub/file_download.py", line 997, in hf_hub_download
    return _hf_hub_download_to_cache_dir(
        # Destination
    ...<15 lines>...
        dry_run=dry_run,
    )
  File "/app/.venv/lib/python3.14/site-packages/huggingface_hub/file_download.py", line 1169, in _hf_hub_download_to_cache_dir
    os.makedirs(os.path.dirname(blob_path), exist_ok=True)
    ~~~~~~~~~~~^^^^^^^^^^^^^^^^^^^^^^^^^^^^^^^^^^^^^^^^^^^
  File "<frozen os>", line 226, in makedirs
  File "<frozen os>", line 226, in makedirs
  File "<frozen os>", line 226, in makedirs
  File "<frozen os>", line 236, in makedirs
PermissionError: [Errno 13] Permission denied: '/home/ontchatbot/.cache/huggingface'

The above exception was the direct cause of the following exception:

Traceback (most recent call last):
  File "/app/.venv/lib/python3.14/site-packages/transformers/models/auto/tokenization_auto.py", line 692, in from_pretrained
    config = AutoConfig.from_pretrained(
        pretrained_model_name_or_path, trust_remote_code=trust_remote_code, **kwargs
    )
  File "/app/.venv/lib/python3.14/site-packages/transformers/models/auto/configuration_auto.py", line 374, in from_pretrained
    config_dict, unused_kwargs = PreTrainedConfig.get_config_dict(pretrained_model_name_or_path, **kwargs)
                                 ~~~~~~~~~~~~~~~~~~~~~~~~~~~~~~~~^^^^^^^^^^^^^^^^^^^^^^^^^^^^^^^^^^^^^^^^^
  File "/app/.venv/lib/python3.14/site-packages/transformers/configuration_utils.py", line 682, in get_config_dict
    config_dict, kwargs = cls._get_config_dict(pretrained_model_name_or_path, **kwargs)
                          ~~~~~~~~~~~~~~~~~~~~^^^^^^^^^^^^^^^^^^^^^^^^^^^^^^^^^^^^^^^^^
  File "/app/.venv/lib/python3.14/site-packages/transformers/configuration_utils.py", line 737, in _get_config_dict
    resolved_config_file = cached_file(
        pretrained_model_name_or_path,
    ...<9 lines>...
        _commit_hash=commit_hash,
    )
  File "/app/.venv/lib/python3.14/site-packages/transformers/utils/hub.py", line 278, in cached_file
    file = cached_files(path_or_repo_id=path_or_repo_id, filenames=[filename], **kwargs)
  File "/app/.venv/lib/python3.14/site-packages/transformers/utils/hub.py", line 467, in cached_files
    raise OSError(
    ...<3 lines>...
    ) from e
OSError: PermissionError at /home/ontchatbot/.cache/huggingface when downloading vpthinh19/phobert-base-v2. Check cache directory permissions. Common causes: 1) another user is downloading the same model (please wait); 2) a previous download was canceled and the lock file needs manual removal.

During handling of the above exception, another exception occurred:

Traceback (most recent call last):
  File "/app/.venv/lib/python3.14/site-packages/transformers/utils/hub.py", line 422, in cached_files
    hf_hub_download(
    ~~~~~~~~~~~~~~~^
        path_or_repo_id,
        ^^^^^^^^^^^^^^^^
    ...<10 lines>...
        tqdm_class=tqdm_class,
        ^^^^^^^^^^^^^^^^^^^^^^
    )
    ^
  File "/app/.venv/lib/python3.14/site-packages/huggingface_hub/utils/_validators.py", line 88, in _inner_fn
    return fn(*args, **kwargs)
  File "/app/.venv/lib/python3.14/site-packages/huggingface_hub/file_download.py", line 997, in hf_hub_download
    return _hf_hub_download_to_cache_dir(
        # Destination
    ...<15 lines>...
        dry_run=dry_run,
    )
  File "/app/.venv/lib/python3.14/site-packages/huggingface_hub/file_download.py", line 1169, in _hf_hub_download_to_cache_dir
    os.makedirs(os.path.dirname(blob_path), exist_ok=True)
    ~~~~~~~~~~~^^^^^^^^^^^^^^^^^^^^^^^^^^^^^^^^^^^^^^^^^^^
  File "<frozen os>", line 226, in makedirs
  File "<frozen os>", line 226, in makedirs
  File "<frozen os>", line 226, in makedirs
  File "<frozen os>", line 236, in makedirs
PermissionError: [Errno 13] Permission denied: '/home/ontchatbot/.cache/huggingface'

The above exception was the direct cause of the following exception:

Traceback (most recent call last):
  File "/app/src/ontchatbot/scripts/serve.py", line 65, in _trace_requests
    response = await call_next(request)
               ^^^^^^^^^^^^^^^^^^^^^^^^
  File "/app/.venv/lib/python3.14/site-packages/starlette/middleware/base.py", line 168, in call_next
    raise app_exc from app_exc.__cause__ or app_exc.__context__
  File "/app/.venv/lib/python3.14/site-packages/starlette/middleware/base.py", line 144, in coro
    await self.app(scope, receive_or_disconnect, send_no_error)
  File "/app/.venv/lib/python3.14/site-packages/starlette/middleware/exceptions.py", line 63, in __call__
    await wrap_app_handling_exceptions(self.app, conn)(scope, receive, send)
  File "/app/.venv/lib/python3.14/site-packages/starlette/_exception_handler.py", line 53, in wrapped_app
    raise exc
  File "/app/.venv/lib/python3.14/site-packages/starlette/_exception_handler.py", line 42, in wrapped_app
    await app(scope, receive, sender)
  File "/app/.venv/lib/python3.14/site-packages/fastapi/middleware/asyncexitstack.py", line 18, in __call__
    await self.app(scope, receive, send)
  File "/app/.venv/lib/python3.14/site-packages/starlette/routing.py", line 660, in __call__
    await self.middleware_stack(scope, receive, send)
  File "/app/.venv/lib/python3.14/site-packages/starlette/routing.py", line 680, in app
    await route.handle(scope, receive, send)
  File "/app/.venv/lib/python3.14/site-packages/starlette/routing.py", line 276, in handle
    await self.app(scope, receive, send)
  File "/app/.venv/lib/python3.14/site-packages/fastapi/routing.py", line 134, in app
    await wrap_app_handling_exceptions(app, request)(scope, receive, send)
  File "/app/.venv/lib/python3.14/site-packages/starlette/_exception_handler.py", line 53, in wrapped_app
    raise exc
  File "/app/.venv/lib/python3.14/site-packages/starlette/_exception_handler.py", line 42, in wrapped_app
    await app(scope, receive, sender)
  File "/app/.venv/lib/python3.14/site-packages/fastapi/routing.py", line 120, in app
    response = await f(request)
               ^^^^^^^^^^^^^^^^
  File "/app/.venv/lib/python3.14/site-packages/fastapi/routing.py", line 674, in app
    raw_response = await run_endpoint_function(
                   ^^^^^^^^^^^^^^^^^^^^^^^^^^^^
    ...<3 lines>...
    )
    ^
  File "/app/.venv/lib/python3.14/site-packages/fastapi/routing.py", line 328, in run_endpoint_function
    return await dependant.call(**values)
           ^^^^^^^^^^^^^^^^^^^^^^^^^^^^^^
  File "/app/src/ontchatbot/scripts/serve.py", line 89, in chat
    return JSONResponse(await Pipeline.get().aanswer(req.message))
                        ^^^^^^^^^^^^^^^^^^^^^^^^^^^^^^^^^^^^^^^^^
  File "/app/src/ontchatbot/pipeline.py", line 81, in aanswer
    return await asyncio.to_thread(self.answer, query)
           ^^^^^^^^^^^^^^^^^^^^^^^^^^^^^^^^^^^^^^^^^^^
  File "/usr/local/lib/python3.14/asyncio/threads.py", line 25, in to_thread
    return await loop.run_in_executor(None, func_call)
           ^^^^^^^^^^^^^^^^^^^^^^^^^^^^^^^^^^^^^^^^^^^
  File "/usr/local/lib/python3.14/concurrent/futures/thread.py", line 86, in run
    result = ctx.run(self.task)
  File "/usr/local/lib/python3.14/concurrent/futures/thread.py", line 73, in run
    return fn(*args, **kwargs)
  File "/app/src/ontchatbot/pipeline.py", line 76, in answer
    return self._present(self._query(self._match(self._ner(
                                                 ~~~~~~~~~^
        self._preprocess(ctx))))).to_response()
        ^^^^^^^^^^^^^^^^^^^^^^
  File "/app/src/ontchatbot/pipeline.py", line 106, in _ner
    ctx.spans = list(self.ner.extract_entities(ctx.words))
                     ~~~~~~~~~~~~~~~~~~~~~~~~~^^^^^^^^^^^
  File "/app/src/ontchatbot/ner_model.py", line 71, in extract_entities
    tags = self._predict_tags(words)
  File "/app/src/ontchatbot/ner_model.py", line 271, in _predict_tags
    self._ensure_loaded()
    ~~~~~~~~~~~~~~~~~~~^^
  File "/app/src/ontchatbot/ner_model.py", line 225, in _ensure_loaded
    self._tok = AutoTokenizer.from_pretrained(self._model_dir)
                ~~~~~~~~~~~~~~~~~~~~~~~~~~~~~^^^^^^^^^^^^^^^^^
  File "/app/.venv/lib/python3.14/site-packages/transformers/models/auto/tokenization_auto.py", line 696, in from_pretrained
    config = PreTrainedConfig.from_pretrained(pretrained_model_name_or_path, **kwargs)
  File "/app/.venv/lib/python3.14/site-packages/transformers/configuration_utils.py", line 641, in from_pretrained
    config_dict, kwargs = cls.get_config_dict(pretrained_model_name_or_path, **kwargs)
                          ~~~~~~~~~~~~~~~~~~~^^^^^^^^^^^^^^^^^^^^^^^^^^^^^^^^^^^^^^^^^
  File "/app/.venv/lib/python3.14/site-packages/transformers/configuration_utils.py", line 682, in get_config_dict
    config_dict, kwargs = cls._get_config_dict(pretrained_model_name_or_path, **kwargs)
                          ~~~~~~~~~~~~~~~~~~~~^^^^^^^^^^^^^^^^^^^^^^^^^^^^^^^^^^^^^^^^^
  File "/app/.venv/lib/python3.14/site-packages/transformers/configuration_utils.py", line 737, in _get_config_dict
    resolved_config_file = cached_file(
        pretrained_model_name_or_path,
    ...<9 lines>...
        _commit_hash=commit_hash,
    )
  File "/app/.venv/lib/python3.14/site-packages/transformers/utils/hub.py", line 278, in cached_file
    file = cached_files(path_or_repo_id=path_or_repo_id, filenames=[filename], **kwargs)
  File "/app/.venv/lib/python3.14/site-packages/transformers/utils/hub.py", line 467, in cached_files
    raise OSError(
    ...<3 lines>...
    ) from e
OSError: PermissionError at /home/ontchatbot/.cache/huggingface when downloading vpthinh19/phobert-base-v2. Check cache directory permissions. Common causes: 1) another user is downloading the same model (please wait); 2) a previous download was canceled and the lock file needs manual removal.
2026-05-13 10:28:23 | INFO    | ontchatbot.scripts.serve           | [http] rid=eb777f3a GET /healthz
2026-05-13 10:28:23 | INFO    | ontchatbot.scripts.serve           | [http] rid=eb777f3a status=200 elapsed=1.4ms
2026-05-13 10:28:25 | INFO    | ontchatbot.scripts.serve           | [shutdown] FastAPI stopping
